  cMainGame.cpp
C:\work\Win32_FORTRESS\Win\Win\cMainGame.cpp(53,88): warning C4244: '인수': 'double'에서 'int'(으)로 변환하면서 데이터가 손실될 수 있습니다.
C:\work\Win32_FORTRESS\Win\Win\cMainGame.cpp(53,69): warning C4244: '인수': 'double'에서 'int'(으)로 변환하면서 데이터가 손실될 수 있습니다.
C:\work\Win32_FORTRESS\Win\Win\cMainGame.cpp(53,50): warning C4244: '인수': 'double'에서 'int'(으)로 변환하면서 데이터가 손실될 수 있습니다.
C:\work\Win32_FORTRESS\Win\Win\cMainGame.cpp(53,31): warning C4244: '인수': 'double'에서 'int'(으)로 변환하면서 데이터가 손실될 수 있습니다.
C:\work\Win32_FORTRESS\Win\Win\cMainGame.cpp(166,63): warning C4244: '인수': 'double'에서 'int'(으)로 변환하면서 데이터가 손실될 수 있습니다.
C:\work\Win32_FORTRESS\Win\Win\cMainGame.cpp(166,50): warning C4244: '인수': 'double'에서 'int'(으)로 변환하면서 데이터가 손실될 수 있습니다.
C:\work\Win32_FORTRESS\Win\Win\cMainGame.cpp(173,66): warning C4244: '인수': 'double'에서 'int'(으)로 변환하면서 데이터가 손실될 수 있습니다.
C:\work\Win32_FORTRESS\Win\Win\cMainGame.cpp(173,54): warning C4244: '인수': 'double'에서 'int'(으)로 변환하면서 데이터가 손실될 수 있습니다.
C:\work\Win32_FORTRESS\Win\Win\cMainGame.cpp(180,56): warning C4244: '인수': 'double'에서 'int'(으)로 변환하면서 데이터가 손실될 수 있습니다.
C:\work\Win32_FORTRESS\Win\Win\cMainGame.cpp(180,47): warning C4244: '인수': 'double'에서 'int'(으)로 변환하면서 데이터가 손실될 수 있습니다.
C:\work\Win32_FORTRESS\Win\Win\cMainGame.cpp(181,56): warning C4244: '인수': 'double'에서 'int'(으)로 변환하면서 데이터가 손실될 수 있습니다.
C:\work\Win32_FORTRESS\Win\Win\cMainGame.cpp(181,47): warning C4244: '인수': 'double'에서 'int'(으)로 변환하면서 데이터가 손실될 수 있습니다.
C:\work\Win32_FORTRESS\Win\Win\cMainGame.cpp(374,82): warning C4244: '인수': 'double'에서 'int'(으)로 변환하면서 데이터가 손실될 수 있습니다.
C:\work\Win32_FORTRESS\Win\Win\cMainGame.cpp(374,69): warning C4244: '인수': 'double'에서 'int'(으)로 변환하면서 데이터가 손실될 수 있습니다.
C:\work\Win32_FORTRESS\Win\Win\cMainGame.cpp(376,94): warning C4244: '인수': 'double'에서 'int'(으)로 변환하면서 데이터가 손실될 수 있습니다.
C:\work\Win32_FORTRESS\Win\Win\cMainGame.cpp(376,75): warning C4244: '인수': 'double'에서 'int'(으)로 변환하면서 데이터가 손실될 수 있습니다.
C:\work\Win32_FORTRESS\Win\Win\cMainGame.cpp(381,92): warning C4244: '인수': 'double'에서 'int'(으)로 변환하면서 데이터가 손실될 수 있습니다.
C:\work\Win32_FORTRESS\Win\Win\cMainGame.cpp(381,74): warning C4244: '인수': 'double'에서 'int'(으)로 변환하면서 데이터가 손실될 수 있습니다.
C:\work\Win32_FORTRESS\Win\Win\cMainGame.cpp(383,94): warning C4244: '인수': 'double'에서 'int'(으)로 변환하면서 데이터가 손실될 수 있습니다.
C:\work\Win32_FORTRESS\Win\Win\cMainGame.cpp(383,75): warning C4244: '인수': 'double'에서 'int'(으)로 변환하면서 데이터가 손실될 수 있습니다.
C:\work\Win32_FORTRESS\Win\Win\cMainGame.cpp(403,91): warning C4244: '인수': 'double'에서 'int'(으)로 변환하면서 데이터가 손실될 수 있습니다.
C:\work\Win32_FORTRESS\Win\Win\cMainGame.cpp(403,78): warning C4244: '인수': 'double'에서 'int'(으)로 변환하면서 데이터가 손실될 수 있습니다.
C:\work\Win32_FORTRESS\Win\Win\cMainGame.cpp(405,103): warning C4244: '인수': 'double'에서 'int'(으)로 변환하면서 데이터가 손실될 수 있습니다.
C:\work\Win32_FORTRESS\Win\Win\cMainGame.cpp(405,84): warning C4244: '인수': 'double'에서 'int'(으)로 변환하면서 데이터가 손실될 수 있습니다.
C:\work\Win32_FORTRESS\Win\Win\cMainGame.cpp(410,101): warning C4244: '인수': 'double'에서 'int'(으)로 변환하면서 데이터가 손실될 수 있습니다.
C:\work\Win32_FORTRESS\Win\Win\cMainGame.cpp(410,83): warning C4244: '인수': 'double'에서 'int'(으)로 변환하면서 데이터가 손실될 수 있습니다.
C:\work\Win32_FORTRESS\Win\Win\cMainGame.cpp(412,103): warning C4244: '인수': 'double'에서 'int'(으)로 변환하면서 데이터가 손실될 수 있습니다.
C:\work\Win32_FORTRESS\Win\Win\cMainGame.cpp(412,84): warning C4244: '인수': 'double'에서 'int'(으)로 변환하면서 데이터가 손실될 수 있습니다.
C:\work\Win32_FORTRESS\Win\Win\cMainGame.cpp(438,113): warning C4244: '인수': 'double'에서 'int'(으)로 변환하면서 데이터가 손실될 수 있습니다.
C:\work\Win32_FORTRESS\Win\Win\cMainGame.cpp(438,81): warning C4244: '인수': 'double'에서 'int'(으)로 변환하면서 데이터가 손실될 수 있습니다.
C:\work\Win32_FORTRESS\Win\Win\cMainGame.cpp(442,116): warning C4244: '인수': 'double'에서 'int'(으)로 변환하면서 데이터가 손실될 수 있습니다.
C:\work\Win32_FORTRESS\Win\Win\cMainGame.cpp(442,78): warning C4244: '인수': 'double'에서 'int'(으)로 변환하면서 데이터가 손실될 수 있습니다.
C:\work\Win32_FORTRESS\Win\Win\cMainGame.cpp(444,102): warning C4244: '인수': 'double'에서 'int'(으)로 변환하면서 데이터가 손실될 수 있습니다.
C:\work\Win32_FORTRESS\Win\Win\cMainGame.cpp(444,71): warning C4244: '인수': 'double'에서 'int'(으)로 변환하면서 데이터가 손실될 수 있습니다.
C:\work\Win32_FORTRESS\Win\Win\cMainGame.cpp(446,114): warning C4244: '인수': 'double'에서 'int'(으)로 변환하면서 데이터가 손실될 수 있습니다.
C:\work\Win32_FORTRESS\Win\Win\cMainGame.cpp(446,77): warning C4244: '인수': 'double'에서 'int'(으)로 변환하면서 데이터가 손실될 수 있습니다.
C:\work\Win32_FORTRESS\Win\Win\cMainGame.cpp(452,114): warning C4244: '인수': 'double'에서 'int'(으)로 변환하면서 데이터가 손실될 수 있습니다.
C:\work\Win32_FORTRESS\Win\Win\cMainGame.cpp(452,77): warning C4244: '인수': 'double'에서 'int'(으)로 변환하면서 데이터가 손실될 수 있습니다.
C:\work\Win32_FORTRESS\Win\Win\cMainGame.cpp(454,116): warning C4244: '인수': 'double'에서 'int'(으)로 변환하면서 데이터가 손실될 수 있습니다.
C:\work\Win32_FORTRESS\Win\Win\cMainGame.cpp(454,78): warning C4244: '인수': 'double'에서 'int'(으)로 변환하면서 데이터가 손실될 수 있습니다.
C:\work\Win32_FORTRESS\Win\Win\cMainGame.cpp(456,112): warning C4244: '인수': 'double'에서 'int'(으)로 변환하면서 데이터가 손실될 수 있습니다.
C:\work\Win32_FORTRESS\Win\Win\cMainGame.cpp(456,76): warning C4244: '인수': 'double'에서 'int'(으)로 변환하면서 데이터가 손실될 수 있습니다.
C:\work\Win32_FORTRESS\Win\Win\cMainGame.cpp(458,114): warning C4244: '인수': 'double'에서 'int'(으)로 변환하면서 데이터가 손실될 수 있습니다.
C:\work\Win32_FORTRESS\Win\Win\cMainGame.cpp(458,77): warning C4244: '인수': 'double'에서 'int'(으)로 변환하면서 데이터가 손실될 수 있습니다.
C:\work\Win32_FORTRESS\Win\Win\cMainGame.cpp(477,81): warning C4244: '인수': 'double'에서 'int'(으)로 변환하면서 데이터가 손실될 수 있습니다.
C:\work\Win32_FORTRESS\Win\Win\cMainGame.cpp(477,51): warning C4244: '인수': 'double'에서 'int'(으)로 변환하면서 데이터가 손실될 수 있습니다.
C:\work\Win32_FORTRESS\Win\Win\cMainGame.cpp(494,91): warning C4244: '인수': 'double'에서 'int'(으)로 변환하면서 데이터가 손실될 수 있습니다.
C:\work\Win32_FORTRESS\Win\Win\cMainGame.cpp(494,56): warning C4244: '인수': 'double'에서 'int'(으)로 변환하면서 데이터가 손실될 수 있습니다.
C:\work\Win32_FORTRESS\Win\Win\cMainGame.cpp(573,69): warning C4244: '인수': 'double'에서 'int'(으)로 변환하면서 데이터가 손실될 수 있습니다.
C:\work\Win32_FORTRESS\Win\Win\cMainGame.cpp(573,55): warning C4244: '인수': 'double'에서 'int'(으)로 변환하면서 데이터가 손실될 수 있습니다.
C:\work\Win32_FORTRESS\Win\Win\cMainGame.cpp(694,68): warning C4244: '인수': 'int'에서 'Gdiplus::REAL'(으)로 변환하면서 데이터가 손실될 수 있습니다.
C:\work\Win32_FORTRESS\Win\Win\cMainGame.cpp(694,22): warning C4244: '인수': 'double'에서 'Gdiplus::REAL'(으)로 변환하면서 데이터가 손실될 수 있습니다.
  Win.vcxproj -> C:\work\Win32_FORTRESS\Win\x64\Debug\Win.exe
