  Win.cpp
C:\Users\ShinDongJu\Documents\GitHub\Win32_FORTRESS\Win\Win\Win.cpp(186,36): warning C4244: 'return': 'double'에서 'LRESULT'(으)로 변환하면서 데이터가 손실될 수 있습니다.
C:\Users\ShinDongJu\Documents\GitHub\Win32_FORTRESS\Win\Win\Win.cpp(193,36): warning C4244: 'return': 'double'에서 'LRESULT'(으)로 변환하면서 데이터가 손실될 수 있습니다.
  cMainGame.cpp
C:\Users\ShinDongJu\Documents\GitHub\Win32_FORTRESS\Win\Win\cMainGame.cpp(40,110): warning C4244: '인수': 'double'에서 'int'(으)로 변환하면서 데이터가 손실될 수 있습니다.
C:\Users\ShinDongJu\Documents\GitHub\Win32_FORTRESS\Win\Win\cMainGame.cpp(40,85): warning C4244: '인수': 'double'에서 'int'(으)로 변환하면서 데이터가 손실될 수 있습니다.
C:\Users\ShinDongJu\Documents\GitHub\Win32_FORTRESS\Win\Win\cMainGame.cpp(40,60): warning C4244: '인수': 'double'에서 'int'(으)로 변환하면서 데이터가 손실될 수 있습니다.
C:\Users\ShinDongJu\Documents\GitHub\Win32_FORTRESS\Win\Win\cMainGame.cpp(40,37): warning C4244: '인수': 'double'에서 'int'(으)로 변환하면서 데이터가 손실될 수 있습니다.
C:\Users\ShinDongJu\Documents\GitHub\Win32_FORTRESS\Win\Win\cMainGame.cpp(125,66): warning C4244: '인수': 'double'에서 'int'(으)로 변환하면서 데이터가 손실될 수 있습니다.
C:\Users\ShinDongJu\Documents\GitHub\Win32_FORTRESS\Win\Win\cMainGame.cpp(125,50): warning C4244: '인수': 'double'에서 'int'(으)로 변환하면서 데이터가 손실될 수 있습니다.
C:\Users\ShinDongJu\Documents\GitHub\Win32_FORTRESS\Win\Win\cMainGame.cpp(179,63): warning C4244: '인수': 'double'에서 'int'(으)로 변환하면서 데이터가 손실될 수 있습니다.
C:\Users\ShinDongJu\Documents\GitHub\Win32_FORTRESS\Win\Win\cMainGame.cpp(179,47): warning C4244: '인수': 'double'에서 'int'(으)로 변환하면서 데이터가 손실될 수 있습니다.
C:\Users\ShinDongJu\Documents\GitHub\Win32_FORTRESS\Win\Win\cMainGame.cpp(193,56): warning C4244: '인수': 'double'에서 'int'(으)로 변환하면서 데이터가 손실될 수 있습니다.
C:\Users\ShinDongJu\Documents\GitHub\Win32_FORTRESS\Win\Win\cMainGame.cpp(193,44): warning C4244: '인수': 'double'에서 'int'(으)로 변환하면서 데이터가 손실될 수 있습니다.
C:\Users\ShinDongJu\Documents\GitHub\Win32_FORTRESS\Win\Win\cMainGame.cpp(254,84): warning C4244: '인수': 'double'에서 'int'(으)로 변환하면서 데이터가 손실될 수 있습니다.
C:\Users\ShinDongJu\Documents\GitHub\Win32_FORTRESS\Win\Win\cMainGame.cpp(254,66): warning C4244: '인수': 'double'에서 'int'(으)로 변환하면서 데이터가 손실될 수 있습니다.
C:\Users\ShinDongJu\Documents\GitHub\Win32_FORTRESS\Win\Win\cMainGame.cpp(254,48): warning C4244: '인수': 'double'에서 'int'(으)로 변환하면서 데이터가 손실될 수 있습니다.
C:\Users\ShinDongJu\Documents\GitHub\Win32_FORTRESS\Win\Win\cMainGame.cpp(254,30): warning C4244: '인수': 'double'에서 'int'(으)로 변환하면서 데이터가 손실될 수 있습니다.
C:\Users\ShinDongJu\Documents\GitHub\Win32_FORTRESS\Win\Win\cMainGame.cpp(256,70): warning C4244: '인수': 'double'에서 'int'(으)로 변환하면서 데이터가 손실될 수 있습니다.
C:\Users\ShinDongJu\Documents\GitHub\Win32_FORTRESS\Win\Win\cMainGame.cpp(256,54): warning C4244: '인수': 'double'에서 'int'(으)로 변환하면서 데이터가 손실될 수 있습니다.
  코드를 생성하고 있습니다...
  LINK : C:\Users\ShinDongJu\Documents\GitHub\Win32_FORTRESS\Win\Debug\Win.exe을(를) 찾을 수 없거나 마지막 증분 링크에 의해 빌드되지 않았습니다. 전체 링크를 수행하고 있습니다.
  Win.vcxproj -> C:\Users\ShinDongJu\Documents\GitHub\Win32_FORTRESS\Win\Debug\Win.exe
